<?xml version="1.0" encoding="UTF-8"?>
<!-- Generated by org.testng.reporters.JUnitReportReporter -->
<testsuite hostname="DESKTOP-I1JEOAL" failures="0" tests="1" name="com.logintest.LoginTest" time="3.825" errors="0" timestamp="5 Sep 2021 11:31:03 GMT">
  <testcase classname="com.logintest.LoginTest" name="loginTest" time="3.825"/>
</testsuite> <!-- com.logintest.LoginTest -->
