<?xml version="1.0" encoding="UTF-8"?>
<!-- Generated by org.testng.reporters.JUnitReportReporter -->
<testsuite hostname="DESKTOP-I1JEOAL" failures="0" tests="1" name="com.logintest.LoginTest" time="11.893" errors="0" timestamp="7 Sep 2021 08:14:49 GMT">
  <testcase classname="com.logintest.LoginTest" name="launchPageURL" time="11.893"/>
</testsuite> <!-- com.logintest.LoginTest -->
